c:\users\hp\source\repos\projectakhirstd\projectakhirstd\debug\vc142.pdb
c:\users\hp\source\repos\projectakhirstd\projectakhirstd\debug\.netframework,version=v4.7.2.assemblyattributes.obj
c:\users\hp\source\repos\projectakhirstd\projectakhirstd\debug\perangkatdesareadonly.obj
c:\users\hp\source\repos\projectakhirstd\projectakhirstd\debug\perangkatdesa.obj
c:\users\hp\source\repos\projectakhirstd\projectakhirstd\debug\menupublik.obj
c:\users\hp\source\repos\projectakhirstd\projectakhirstd\debug\menuadmin.obj
c:\users\hp\source\repos\projectakhirstd\projectakhirstd\debug\loginawal.obj
c:\users\hp\source\repos\projectakhirstd\projectakhirstd\debug\loginadmin.obj
c:\users\hp\source\repos\projectakhirstd\projectakhirstd\debug\lihatpesan.obj
c:\users\hp\source\repos\projectakhirstd\projectakhirstd\debug\kirimpesan.obj
c:\users\hp\source\repos\projectakhirstd\projectakhirstd\debug\editdatawarga.obj
c:\users\hp\source\repos\projectakhirstd\projectakhirstd\debug\editdataadmin.obj
c:\users\hp\source\repos\projectakhirstd\projectakhirstd\debug\datapenduduk.obj
c:\users\hp\source\repos\projectakhirstd\projectakhirstd\debug\informasidesa.obj
c:\users\hp\source\repos\projectakhirstd\projectakhirstd\debug\pengumuman.obj
c:\users\hp\source\repos\projectakhirstd\projectakhirstd\debug\editpengumuman.obj
c:\users\hp\source\repos\projectakhirstd\projectakhirstd\debug\detaildesa.obj
c:\users\hp\source\repos\projectakhirstd\projectakhirstd\debug\detaildesareadonly.obj
c:\users\hp\source\repos\projectakhirstd\projectakhirstd\debug\budayadesareadonly.obj
c:\users\hp\source\repos\projectakhirstd\projectakhirstd\debug\aboutus.obj
c:\users\hp\source\repos\projectakhirstd\projectakhirstd\debug\pendidikandesa.obj
c:\users\hp\source\repos\projectakhirstd\projectakhirstd\debug\pendidikandesareadonly.obj
c:\users\hp\source\repos\projectakhirstd\projectakhirstd\debug\budayadesa.obj
c:\users\hp\source\repos\projectakhirstd\debug\projectakhirstd.exe
c:\users\hp\source\repos\projectakhirstd\debug\projectakhirstd.pdb
c:\users\hp\source\repos\projectakhirstd\projectakhirstd\debug\projectakhirstd.tlog\metagen.write.1.tlog
c:\users\hp\source\repos\projectakhirstd\debug\mysql.data.dll
c:\users\hp\source\repos\projectakhirstd\debug\mysql.data.entity.dll
c:\users\hp\source\repos\projectakhirstd\projectakhirstd\debug\projectakhirstd.datapenduduk.resources
c:\users\hp\source\repos\projectakhirstd\projectakhirstd\debug\projectakhirstd.editdataadmin.resources
c:\users\hp\source\repos\projectakhirstd\projectakhirstd\debug\projectakhirstd.editdatawarga.resources
c:\users\hp\source\repos\projectakhirstd\projectakhirstd\debug\projectakhirstd.kirimpesan.resources
c:\users\hp\source\repos\projectakhirstd\projectakhirstd\debug\projectakhirstd.lihatpesan.resources
c:\users\hp\source\repos\projectakhirstd\projectakhirstd\debug\projectakhirstd.loginadmin.resources
c:\users\hp\source\repos\projectakhirstd\projectakhirstd\debug\projectakhirstd.loginawal.resources
c:\users\hp\source\repos\projectakhirstd\projectakhirstd\debug\projectakhirstd.menuadmin.resources
c:\users\hp\source\repos\projectakhirstd\projectakhirstd\debug\projectakhirstd.menupublik.resources
c:\users\hp\source\repos\projectakhirstd\projectakhirstd\debug\projectakhirstd.perangkatdesa.resources
c:\users\hp\source\repos\projectakhirstd\projectakhirstd\debug\projectakhirstd.perangkatdesareadonly.resources
c:\users\hp\source\repos\projectakhirstd\projectakhirstd\debug\projectakhirstd.informasidesa.resources
c:\users\hp\source\repos\projectakhirstd\projectakhirstd\debug\projectakhirstd.pengumuman.resources
c:\users\hp\source\repos\projectakhirstd\projectakhirstd\debug\projectakhirstd.editpengumuman.resources
c:\users\hp\source\repos\projectakhirstd\projectakhirstd\debug\projectakhirstd.detaildesa.resources
c:\users\hp\source\repos\projectakhirstd\projectakhirstd\debug\projectakhirstd.pendidikandesa.resources
c:\users\hp\source\repos\projectakhirstd\projectakhirstd\debug\projectakhirstd.budayadesa.resources
c:\users\hp\source\repos\projectakhirstd\projectakhirstd\debug\projectakhirstd.detaildesareadonly.resources
c:\users\hp\source\repos\projectakhirstd\projectakhirstd\debug\projectakhirstd.budayadesareadonly.resources
c:\users\hp\source\repos\projectakhirstd\projectakhirstd\debug\projectakhirstd.aboutus.resources
c:\users\hp\source\repos\projectakhirstd\projectakhirstd\debug\projectakhirstd.pendidikandesareadonly.resources
c:\users\hp\source\repos\projectakhirstd\projectakhirstd\debug\projectakhirstd.tlog\cl.command.1.tlog
c:\users\hp\source\repos\projectakhirstd\projectakhirstd\debug\projectakhirstd.tlog\cl.read.1.tlog
c:\users\hp\source\repos\projectakhirstd\projectakhirstd\debug\projectakhirstd.tlog\cl.write.1.tlog
c:\users\hp\source\repos\projectakhirstd\projectakhirstd\debug\projectakhirstd.tlog\link.command.1.tlog
c:\users\hp\source\repos\projectakhirstd\projectakhirstd\debug\projectakhirstd.tlog\link.read.1.tlog
c:\users\hp\source\repos\projectakhirstd\projectakhirstd\debug\projectakhirstd.tlog\link.write.1.tlog
c:\users\hp\source\repos\projectakhirstd\projectakhirstd\debug\projectakhirstd.tlog\metagen.read.1.tlog
c:\users\hp\source\repos\projectakhirstd\projectakhirstd\debug\projectakhirstd.tlog\projectakhirstd.read.1u.tlog
c:\users\hp\source\repos\projectakhirstd\projectakhirstd\debug\projectakhirstd.tlog\projectakhirstd.write.1u.tlog
c:\users\hp\source\repos\projectakhirstd\projectakhirstd\debug\projectakhirstd.tlog\mysql.data.dll.metagen
